<?xml version="1.0" encoding="UTF-8" standalone="yes"?>
<record:record path="/0000-0003-0902-4386" xmlns:internal="http://www.orcid.org/ns/internal" xmlns:education="http://www.orcid.org/ns/education" xmlns:distinction="http://www.orcid.org/ns/distinction" xmlns:deprecated="http://www.orcid.org/ns/deprecated" xmlns:other-name="http://www.orcid.org/ns/other-name" xmlns:membership="http://www.orcid.org/ns/membership" xmlns:error="http://www.orcid.org/ns/error" xmlns:common="http://www.orcid.org/ns/common" xmlns:record="http://www.orcid.org/ns/record" xmlns:personal-details="http://www.orcid.org/ns/personal-details" xmlns:keyword="http://www.orcid.org/ns/keyword" xmlns:email="http://www.orcid.org/ns/email" xmlns:external-identifier="http://www.orcid.org/ns/external-identifier" xmlns:funding="http://www.orcid.org/ns/funding" xmlns:preferences="http://www.orcid.org/ns/preferences" xmlns:address="http://www.orcid.org/ns/address" xmlns:invited-position="http://www.orcid.org/ns/invited-position" xmlns:work="http://www.orcid.org/ns/work" xmlns:history="http://www.orcid.org/ns/history" xmlns:employment="http://www.orcid.org/ns/employment" xmlns:qualification="http://www.orcid.org/ns/qualification" xmlns:service="http://www.orcid.org/ns/service" xmlns:person="http://www.orcid.org/ns/person" xmlns:activities="http://www.orcid.org/ns/activities" xmlns:researcher-url="http://www.orcid.org/ns/researcher-url" xmlns:peer-review="http://www.orcid.org/ns/peer-review" xmlns:bulk="http://www.orcid.org/ns/bulk" xmlns:research-resource="http://www.orcid.org/ns/research-resource">
    <common:orcid-identifier>
        <common:uri>https://orcid.org/0000-0003-0902-4386</common:uri>
        <common:path>0000-0003-0902-4386</common:path>
        <common:host>orcid.org</common:host>
    </common:orcid-identifier>
    <preferences:preferences>
        <preferences:locale>en</preferences:locale>
    </preferences:preferences>
    <history:history>
        <history:creation-method>website</history:creation-method>
        <history:completion-date>2013-01-18T12:09:28.451Z</history:completion-date>
        <history:submission-date>2013-01-18T12:09:28.451Z</history:submission-date>
        <common:last-modified-date>2018-06-30T08:48:07.363Z</common:last-modified-date>
        <history:claimed>true</history:claimed>
        <history:verified-email>true</history:verified-email>
        <history:verified-primary-email>true</history:verified-primary-email>
    </history:history>
    <person:person path="/0000-0003-0902-4386/person">
        <common:last-modified-date>2018-02-12T15:04:25.389Z</common:last-modified-date>
        <person:name visibility="public" path="0000-0003-0902-4386">
            <common:created-date>2016-04-15T23:35:41.154Z</common:created-date>
            <common:last-modified-date>2018-02-12T15:03:20.402Z</common:last-modified-date>
            <personal-details:given-names>Tom</personal-details:given-names>
            <personal-details:family-name>Demeranville</personal-details:family-name>
            <personal-details:credit-name>Tom 'Amazing' Demeranville</personal-details:credit-name>
        </person:name>
        <other-name:other-names path="/0000-0003-0902-4386/other-names">
            <common:last-modified-date>2018-02-12T15:03:56.736Z</common:last-modified-date>
            <other-name:other-name put-code="726128" visibility="public" path="/0000-0003-0902-4386/other-names/726128" display-index="1">
                <common:created-date>2016-04-25T10:49:27.485Z</common:created-date>
                <common:last-modified-date>2018-02-12T15:03:56.736Z</common:last-modified-date>
                <common:source>
                    <common:source-orcid>
                        <common:uri>https://orcid.org/0000-0003-0902-4386</common:uri>
                        <common:path>0000-0003-0902-4386</common:path>
                        <common:host>orcid.org</common:host>
                    </common:source-orcid>
                    <common:source-name>Tom 'Amazing' Demeranville</common:source-name>
                </common:source>
                <other-name:content>Thomas Demeranville</other-name:content>
            </other-name:other-name>
        </other-name:other-names>
        <person:biography visibility="public" path="/0000-0003-0902-4386/biography">
            <common:created-date>2016-04-15T23:35:41.157Z</common:created-date>
            <common:last-modified-date>2018-05-16T14:03:31.741Z</common:last-modified-date>
            <personal-details:content>ORCID Technology advocate</personal-details:content>
        </person:biography>
        <researcher-url:researcher-urls path="/0000-0003-0902-4386/researcher-urls">
            <common:last-modified-date>2018-02-12T15:04:10.482Z</common:last-modified-date>
            <researcher-url:researcher-url put-code="719084" visibility="public" path="/0000-0003-0902-4386/researcher-urls/719084" display-index="2">
                <common:created-date>2016-04-25T10:49:27.494Z</common:created-date>
                <common:last-modified-date>2018-02-12T15:04:10.482Z</common:last-modified-date>
                <common:source>
                    <common:source-orcid>
                        <common:uri>https://orcid.org/0000-0003-0902-4386</common:uri>
                        <common:path>0000-0003-0902-4386</common:path>
                        <common:host>orcid.org</common:host>
                    </common:source-orcid>
                    <common:source-name>Tom 'Amazing' Demeranville</common:source-name>
                </common:source>
                <researcher-url:url-name>Blog</researcher-url:url-name>
                <researcher-url:url>http://demeranville.com</researcher-url:url>
            </researcher-url:researcher-url>
            <researcher-url:researcher-url put-code="719085" visibility="public" path="/0000-0003-0902-4386/researcher-urls/719085" display-index="1">
                <common:created-date>2016-04-25T10:49:27.497Z</common:created-date>
                <common:last-modified-date>2018-02-12T15:04:10.482Z</common:last-modified-date>
                <common:source>
                    <common:source-orcid>
                        <common:uri>https://orcid.org/0000-0003-0902-4386</common:uri>
                        <common:path>0000-0003-0902-4386</common:path>
                        <common:host>orcid.org</common:host>
                    </common:source-orcid>
                    <common:source-name>Tom 'Amazing' Demeranville</common:source-name>
                </common:source>
                <researcher-url:url-name>Project THOR</researcher-url:url-name>
                <researcher-url:url>http://project-thor.eu</researcher-url:url>
            </researcher-url:researcher-url>
        </researcher-url:researcher-urls>
        <email:emails path="/0000-0003-0902-4386/email"/>
        <address:addresses path="/0000-0003-0902-4386/address">
            <common:last-modified-date>2018-02-12T15:04:01.049Z</common:last-modified-date>
            <address:address put-code="120317" visibility="public" path="/0000-0003-0902-4386/address/120317" display-index="2">
                <common:created-date>2016-01-24T18:13:43.747Z</common:created-date>
                <common:last-modified-date>2018-02-12T15:04:01.039Z</common:last-modified-date>
                <common:source>
                    <common:source-orcid>
                        <common:uri>https://orcid.org/0000-0003-0902-4386</common:uri>
                        <common:path>0000-0003-0902-4386</common:path>
                        <common:host>orcid.org</common:host>
                    </common:source-orcid>
                    <common:source-name>Tom 'Amazing' Demeranville</common:source-name>
                </common:source>
                <address:country>GB</address:country>
            </address:address>
            <address:address put-code="598118" visibility="public" path="/0000-0003-0902-4386/address/598118" display-index="1">
                <common:created-date>2016-12-22T14:18:58.403Z</common:created-date>
                <common:last-modified-date>2018-02-12T15:04:01.049Z</common:last-modified-date>
                <common:source>
                    <common:source-orcid>
                        <common:uri>https://orcid.org/0000-0003-0902-4386</common:uri>
                        <common:path>0000-0003-0902-4386</common:path>
                        <common:host>orcid.org</common:host>
                    </common:source-orcid>
                    <common:source-name>Tom 'Amazing' Demeranville</common:source-name>
                </common:source>
                <address:country>AF</address:country>
            </address:address>
        </address:addresses>
        <keyword:keywords path="/0000-0003-0902-4386/keywords">
            <common:last-modified-date>2018-02-12T15:04:04.495Z</common:last-modified-date>
            <keyword:keyword put-code="898028" visibility="public" path="/0000-0003-0902-4386/keywords/898028" display-index="1">
                <common:created-date>2018-02-12T15:00:56.574Z</common:created-date>
                <common:last-modified-date>2018-02-12T15:04:04.495Z</common:last-modified-date>
                <common:source>
                    <common:source-orcid>
                        <common:uri>https://orcid.org/0000-0003-0902-4386</common:uri>
                        <common:path>0000-0003-0902-4386</common:path>
                        <common:host>orcid.org</common:host>
                    </common:source-orcid>
                    <common:source-name>Tom 'Amazing' Demeranville</common:source-name>
                </common:source>
                <keyword:content>awesome</keyword:content>
            </keyword:keyword>
        </keyword:keywords>
        <external-identifier:external-identifiers path="/0000-0003-0902-4386/external-identifiers">
            <common:last-modified-date>2018-02-12T15:04:25.389Z</common:last-modified-date>
            <external-identifier:external-identifier put-code="849710" visibility="public" path="/0000-0003-0902-4386/external-identifiers/849710" display-index="1">
                <common:created-date>2017-11-01T10:03:08.689Z</common:created-date>
                <common:last-modified-date>2018-02-12T15:04:25.389Z</common:last-modified-date>
                <common:source>
                    <common:source-client-id>
                        <common:uri>https://orcid.org/client/0000-0003-0412-1857</common:uri>
                        <common:path>0000-0003-0412-1857</common:path>
                        <common:host>orcid.org</common:host>
                    </common:source-client-id>
                    <common:source-name>ISNI2ORCID search and link</common:source-name>
                </common:source>
                <common:external-id-type>ISNI</common:external-id-type>
                <common:external-id-value>0000000001572781</common:external-id-value>
                <common:external-id-url>http://isni.org/isni/0000000001572781</common:external-id-url>
                <common:external-id-relationship>self</common:external-id-relationship>
            </external-identifier:external-identifier>
        </external-identifier:external-identifiers>
    </person:person>
    <activities:activities-summary path="/0000-0003-0902-4386/activities">
        <common:last-modified-date>2017-12-08T16:37:49.202Z</common:last-modified-date>
        <activities:distinctions path="/0000-0003-0902-4386/distinctions"/>
        <activities:educations path="/0000-0003-0902-4386/educations">
            <common:last-modified-date>2017-09-08T13:31:19.987Z</common:last-modified-date>
            <activities:affiliation-group>
                <common:last-modified-date>2017-09-08T13:31:19.987Z</common:last-modified-date>
                <common:external-ids/>
                <education:education-summary put-code="990546" display-index="-1" path="/0000-0003-0902-4386/education/990546" visibility="public">
                    <common:created-date>2015-06-25T16:01:12.718Z</common:created-date>
                    <common:last-modified-date>2017-09-08T13:31:19.987Z</common:last-modified-date>
                    <common:source>
                        <common:source-orcid>
                            <common:uri>https://orcid.org/0000-0003-0902-4386</common:uri>
                            <common:path>0000-0003-0902-4386</common:path>
                            <common:host>orcid.org</common:host>
                        </common:source-orcid>
                        <common:source-name>Tom 'Amazing' Demeranville</common:source-name>
                    </common:source>
                    <common:department-name>Computer Science</common:department-name>
                    <common:role-title>1st class with honours</common:role-title>
                    <common:start-date>
                        <common:year>1999</common:year>
                    </common:start-date>
                    <common:end-date>
                        <common:year>2003</common:year>
                    </common:end-date>
                    <common:organization>
                        <common:name>Open University</common:name>
                        <common:address>
                            <common:city>Milton Keynes</common:city>
                            <common:region>Milton Keynes</common:region>
                            <common:country>GB</common:country>
                        </common:address>
                        <common:disambiguated-organization>
                            <common:disambiguated-organization-identifier>5488</common:disambiguated-organization-identifier>
                            <common:disambiguation-source>RINGGOLD</common:disambiguation-source>
                        </common:disambiguated-organization>
                    </common:organization>
                </education:education-summary>
            </activities:affiliation-group>
        </activities:educations>
        <activities:employments path="/0000-0003-0902-4386/employments">
            <common:last-modified-date>2017-09-18T15:13:31.536Z</common:last-modified-date>
            <activities:affiliation-group>
                <common:last-modified-date>2017-09-18T15:13:31.536Z</common:last-modified-date>
                <common:external-ids/>
                <employment:employment-summary put-code="4558755" display-index="-1" path="/0000-0003-0902-4386/employment/4558755" visibility="public">
                    <common:created-date>2017-08-31T22:09:06.455Z</common:created-date>
                    <common:last-modified-date>2017-09-18T15:13:31.536Z</common:last-modified-date>
                    <common:source>
                        <common:source-client-id>
                            <common:uri>https://orcid.org/client/0000-0001-8203-3567</common:uri>
                            <common:path>0000-0001-8203-3567</common:path>
                            <common:host>orcid.org</common:host>
                        </common:source-client-id>
                        <common:source-name>ORCID</common:source-name>
                    </common:source>
                    <common:role-title>Senior Technical Officer, THOR Project</common:role-title>
                    <common:start-date>
                        <common:year>2015</common:year>
                        <common:month>06</common:month>
                        <common:day>10</common:day>
                    </common:start-date>
                    <common:organization>
                        <common:name>ORCID</common:name>
                        <common:address>
                            <common:city>Bath</common:city>
                            <common:country>GB</common:country>
                        </common:address>
                    </common:organization>
                </employment:employment-summary>
            </activities:affiliation-group>
            <activities:affiliation-group>
                <common:last-modified-date>2015-06-25T16:03:01.713Z</common:last-modified-date>
                <common:external-ids/>
                <employment:employment-summary put-code="990534" display-index="-1" path="/0000-0003-0902-4386/employment/990534" visibility="public">
                    <common:created-date>2015-06-25T15:57:40.252Z</common:created-date>
                    <common:last-modified-date>2015-06-25T16:03:01.713Z</common:last-modified-date>
                    <common:source>
                        <common:source-orcid>
                            <common:uri>https://orcid.org/0000-0003-0902-4386</common:uri>
                            <common:path>0000-0003-0902-4386</common:path>
                            <common:host>orcid.org</common:host>
                        </common:source-orcid>
                        <common:source-name>Tom 'Amazing' Demeranville</common:source-name>
                    </common:source>
                    <common:department-name>Delivery</common:department-name>
                    <common:role-title>Technical Lead</common:role-title>
                    <common:start-date>
                        <common:year>2014</common:year>
                        <common:month>12</common:month>
                    </common:start-date>
                    <common:end-date>
                        <common:year>2015</common:year>
                        <common:month>06</common:month>
                    </common:end-date>
                    <common:organization>
                        <common:name>IPL</common:name>
                        <common:address>
                            <common:city>Bath</common:city>
                            <common:country>GB</common:country>
                        </common:address>
                    </common:organization>
                </employment:employment-summary>
            </activities:affiliation-group>
            <activities:affiliation-group>
                <common:last-modified-date>2015-06-25T16:03:02.295Z</common:last-modified-date>
                <common:external-ids/>
                <employment:employment-summary put-code="990536" display-index="-1" path="/0000-0003-0902-4386/employment/990536" visibility="public">
                    <common:created-date>2015-06-25T15:58:43.783Z</common:created-date>
                    <common:last-modified-date>2015-06-25T16:03:02.295Z</common:last-modified-date>
                    <common:source>
                        <common:source-orcid>
                            <common:uri>https://orcid.org/0000-0003-0902-4386</common:uri>
                            <common:path>0000-0003-0902-4386</common:path>
                            <common:host>orcid.org</common:host>
                        </common:source-orcid>
                        <common:source-name>Tom 'Amazing' Demeranville</common:source-name>
                    </common:source>
                    <common:department-name>ODIN Project</common:department-name>
                    <common:role-title>Technical Lead</common:role-title>
                    <common:start-date>
                        <common:year>2013</common:year>
                        <common:month>02</common:month>
                    </common:start-date>
                    <common:end-date>
                        <common:year>2014</common:year>
                        <common:month>12</common:month>
                    </common:end-date>
                    <common:organization>
                        <common:name>British Library</common:name>
                        <common:address>
                            <common:city>London</common:city>
                            <common:country>GB</common:country>
                        </common:address>
                        <common:disambiguated-organization>
                            <common:disambiguated-organization-identifier>4925</common:disambiguated-organization-identifier>
                            <common:disambiguation-source>RINGGOLD</common:disambiguation-source>
                        </common:disambiguated-organization>
                    </common:organization>
                </employment:employment-summary>
            </activities:affiliation-group>
            <activities:affiliation-group>
                <common:last-modified-date>2015-06-25T16:03:04.090Z</common:last-modified-date>
                <common:external-ids/>
                <employment:employment-summary put-code="990539" display-index="-1" path="/0000-0003-0902-4386/employment/990539" visibility="public">
                    <common:created-date>2015-06-25T15:59:36.562Z</common:created-date>
                    <common:last-modified-date>2015-06-25T16:03:04.090Z</common:last-modified-date>
                    <common:source>
                        <common:source-orcid>
                            <common:uri>https://orcid.org/0000-0003-0902-4386</common:uri>
                            <common:path>0000-0003-0902-4386</common:path>
                            <common:host>orcid.org</common:host>
                        </common:source-orcid>
                        <common:source-name>Tom 'Amazing' Demeranville</common:source-name>
                    </common:source>
                    <common:department-name>Athens</common:department-name>
                    <common:role-title>Senior Software Engineer</common:role-title>
                    <common:start-date>
                        <common:year>2005</common:year>
                        <common:month>01</common:month>
                    </common:start-date>
                    <common:end-date>
                        <common:year>2013</common:year>
                        <common:month>02</common:month>
                    </common:end-date>
                    <common:organization>
                        <common:name>Eduserv Athens</common:name>
                        <common:address>
                            <common:city>Bath</common:city>
                            <common:region>Bath and North East Somer</common:region>
                            <common:country>GB</common:country>
                        </common:address>
                        <common:disambiguated-organization>
                            <common:disambiguated-organization-identifier>226102</common:disambiguated-organization-identifier>
                            <common:disambiguation-source>RINGGOLD</common:disambiguation-source>
                        </common:disambiguated-organization>
                    </common:organization>
                </employment:employment-summary>
            </activities:affiliation-group>
        </activities:employments>
        <activities:fundings path="/0000-0003-0902-4386/fundings">
            <common:last-modified-date>2017-11-01T10:03:08.776Z</common:last-modified-date>
            <activities:group>
                <common:last-modified-date>2017-11-01T10:03:08.776Z</common:last-modified-date>
                <common:external-ids>
                    <common:external-id>
                        <common:external-id-type>grant_number</common:external-id-type>
                        <common:external-id-value>H2020-EU.1.4.1.3.</common:external-id-value>
                        <common:external-id-url>http://cordis.europa.eu/project/rcn/194927_en.html</common:external-id-url>
                        <common:external-id-relationship>self</common:external-id-relationship>
                    </common:external-id>
                </common:external-ids>
                <funding:funding-summary put-code="133362" path="/0000-0003-0902-4386/funding/133362" visibility="public" display-index="0">
                    <common:created-date>2015-12-08T13:16:16.370Z</common:created-date>
                    <common:last-modified-date>2017-11-01T10:03:08.776Z</common:last-modified-date>
                    <common:source>
                        <common:source-orcid>
                            <common:uri>https://orcid.org/0000-0003-0902-4386</common:uri>
                            <common:path>0000-0003-0902-4386</common:path>
                            <common:host>orcid.org</common:host>
                        </common:source-orcid>
                        <common:source-name>Tom 'Amazing' Demeranville</common:source-name>
                    </common:source>
                    <funding:title>
                        <common:title>THOR - Technical and Human Infrastructure for Open Research</common:title>
                    </funding:title>
                    <common:external-ids>
                        <common:external-id>
                            <common:external-id-type>grant_number</common:external-id-type>
                            <common:external-id-value>H2020-EU.1.4.1.3.</common:external-id-value>
                            <common:external-id-url>http://cordis.europa.eu/project/rcn/194927_en.html</common:external-id-url>
                            <common:external-id-relationship>self</common:external-id-relationship>
                        </common:external-id>
                    </common:external-ids>
                    <funding:type>grant</funding:type>
                    <common:start-date>
                        <common:year>2015</common:year>
                        <common:month>06</common:month>
                    </common:start-date>
                    <common:end-date>
                        <common:year>2017</common:year>
                        <common:month>11</common:month>
                    </common:end-date>
                    <common:organization>
                        <common:name>European Commission</common:name>
                        <common:address>
                            <common:city>Brussels</common:city>
                            <common:country>BE</common:country>
                        </common:address>
                        <common:disambiguated-organization>
                            <common:disambiguated-organization-identifier>http://dx.doi.org/10.13039/501100004964</common:disambiguated-organization-identifier>
                            <common:disambiguation-source>FUNDREF</common:disambiguation-source>
                        </common:disambiguated-organization>
                    </common:organization>
                </funding:funding-summary>
            </activities:group>
        </activities:fundings>
        <activities:invited-positions path="/0000-0003-0902-4386/invited-positions"/>
        <activities:memberships path="/0000-0003-0902-4386/memberships"/>
        <activities:peer-reviews path="/0000-0003-0902-4386/peer-reviews"/>
        <activities:qualifications path="/0000-0003-0902-4386/qualifications"/>
        <activities:research-resources path="/0000-0003-0902-4386/research-resources"/>
        <activities:services path="/0000-0003-0902-4386/services"/>
        <activities:works path="/0000-0003-0902-4386/works">
            <common:last-modified-date>2017-12-08T16:37:49.202Z</common:last-modified-date>
            <activities:group>
                <common:last-modified-date>2017-12-08T16:37:49.202Z</common:last-modified-date>
                <common:external-ids>
                    <common:external-id>
                        <common:external-id-type>doi</common:external-id-type>
                        <common:external-id-value>10.1016/j.procs.2017.03.040</common:external-id-value>
                        <common:external-id-normalized transient="true">10.1016/j.procs.2017.03.040</common:external-id-normalized>
                        <common:external-id-relationship>self</common:external-id-relationship>
                    </common:external-id>
                </common:external-ids>
                <work:work-summary put-code="31274082" path="/0000-0003-0902-4386/work/31274082" visibility="public" display-index="4">
                    <common:created-date>2017-03-22T15:37:30.333Z</common:created-date>
                    <common:last-modified-date>2017-12-08T16:37:49.202Z</common:last-modified-date>
                    <common:source>
                        <common:source-client-id>
                            <common:uri>https://orcid.org/client/0000-0002-3054-1567</common:uri>
                            <common:path>0000-0002-3054-1567</common:path>
                            <common:host>orcid.org</common:host>
                        </common:source-client-id>
                        <common:source-name>CrossRef Metadata Search</common:source-name>
                    </common:source>
                    <work:title>
                        <common:title>Towards a CERIF-Orcid API Adaptor: A Progress Report</common:title>
                    </work:title>
                    <common:external-ids>
                        <common:external-id>
                            <common:external-id-type>doi</common:external-id-type>
                            <common:external-id-value>10.1016/j.procs.2017.03.040</common:external-id-value>
                            <common:external-id-normalized transient="true">10.1016/j.procs.2017.03.040</common:external-id-normalized>
                            <common:external-id-relationship>self</common:external-id-relationship>
                        </common:external-id>
                    </common:external-ids>
                    <work:type>journal-article</work:type>
                    <work:journal-title>Procedia Computer Science</work:journal-title>
                    <common:publication-date>
                        <common:year>2017</common:year>
                    </common:publication-date>
                </work:work-summary>
                <work:work-summary put-code="39452355" path="/0000-0003-0902-4386/work/39452355" visibility="public" display-index="1">
                    <common:created-date>2017-12-08T16:35:08.107Z</common:created-date>
                    <common:last-modified-date>2017-12-08T16:37:49.202Z</common:last-modified-date>
                    <common:source>
                        <common:source-orcid>
                            <common:uri>https://orcid.org/0000-0003-0902-4386</common:uri>
                            <common:path>0000-0003-0902-4386</common:path>
                            <common:host>orcid.org</common:host>
                        </common:source-orcid>
                        <common:source-name>Tom 'Amazing' Demeranville</common:source-name>
                    </common:source>
                    <work:title>
                        <common:title>TEST</common:title>
                    </work:title>
                    <common:external-ids>
                        <common:external-id>
                            <common:external-id-type>doi</common:external-id-type>
                            <common:external-id-value>http://doi.org/10.1016/J.PROCS.2017.03.040</common:external-id-value>
                            <common:external-id-normalized transient="true">10.1016/j.procs.2017.03.040</common:external-id-normalized>
                            <common:external-id-url>http://doi.org/10.1016/J.PROCS.2017.03.040</common:external-id-url>
                            <common:external-id-relationship>self</common:external-id-relationship>
                        </common:external-id>
                    </common:external-ids>
                    <work:type>journal-article</work:type>
                </work:work-summary>
            </activities:group>
            <activities:group>
                <common:last-modified-date>2017-03-23T14:58:06.318Z</common:last-modified-date>
                <common:external-ids>
                    <common:external-id>
                        <common:external-id-type>doi</common:external-id-type>
                        <common:external-id-value>10.3390/publications4040030</common:external-id-value>
                        <common:external-id-normalized transient="true">10.3390/publications4040030</common:external-id-normalized>
                        <common:external-id-relationship>self</common:external-id-relationship>
                    </common:external-id>
                </common:external-ids>
                <work:work-summary put-code="31274084" path="/0000-0003-0902-4386/work/31274084" visibility="public" display-index="0">
                    <common:created-date>2017-03-22T15:37:37.916Z</common:created-date>
                    <common:last-modified-date>2017-03-23T14:58:06.318Z</common:last-modified-date>
                    <common:source>
                        <common:source-client-id>
                            <common:uri>https://orcid.org/client/0000-0002-3054-1567</common:uri>
                            <common:path>0000-0002-3054-1567</common:path>
                            <common:host>orcid.org</common:host>
                        </common:source-client-id>
                        <common:source-name>CrossRef Metadata Search</common:source-name>
                    </common:source>
                    <work:title>
                        <common:title>Open Access in Context: Connecting Authors, Publications and Workflows Using ORCID Identifiers</common:title>
                    </work:title>
                    <common:external-ids>
                        <common:external-id>
                            <common:external-id-type>doi</common:external-id-type>
                            <common:external-id-value>10.3390/publications4040030</common:external-id-value>
                            <common:external-id-normalized transient="true">10.3390/publications4040030</common:external-id-normalized>
                            <common:external-id-relationship>self</common:external-id-relationship>
                        </common:external-id>
                    </common:external-ids>
                    <work:type>journal-article</work:type>
                    <work:journal-title>Publications</work:journal-title>
                    <common:publication-date>
                        <common:year>2016</common:year>
                        <common:month>09</common:month>
                    </common:publication-date>
                </work:work-summary>
            </activities:group>
            <activities:group>
                <common:last-modified-date>2017-02-24T15:32:53.708Z</common:last-modified-date>
                <common:external-ids>
                    <common:external-id>
                        <common:external-id-type>doi</common:external-id-type>
                        <common:external-id-value>10.6084/M9.FIGSHARE.4134027.V1</common:external-id-value>
                        <common:external-id-normalized transient="true">10.6084/m9.figshare.4134027.v1</common:external-id-normalized>
                        <common:external-id-relationship>self</common:external-id-relationship>
                    </common:external-id>
                </common:external-ids>
                <work:work-summary put-code="30033663" path="/0000-0003-0902-4386/work/30033663" visibility="public" display-index="0">
                    <common:created-date>2017-02-02T19:47:53.752Z</common:created-date>
                    <common:last-modified-date>2017-02-24T15:32:53.708Z</common:last-modified-date>
                    <common:source>
                        <common:source-client-id>
                            <common:uri>https://orcid.org/client/0000-0001-8099-6984</common:uri>
                            <common:path>0000-0001-8099-6984</common:path>
                            <common:host>orcid.org</common:host>
                        </common:source-client-id>
                        <common:source-name>DataCite</common:source-name>
                    </common:source>
                    <work:title>
                        <common:title>ORCID Public Data File 2016</common:title>
                    </work:title>
                    <common:external-ids>
                        <common:external-id>
                            <common:external-id-type>doi</common:external-id-type>
                            <common:external-id-value>10.6084/M9.FIGSHARE.4134027.V1</common:external-id-value>
                            <common:external-id-normalized transient="true">10.6084/m9.figshare.4134027.v1</common:external-id-normalized>
                            <common:external-id-relationship>self</common:external-id-relationship>
                        </common:external-id>
                    </common:external-ids>
                    <work:type>data-set</work:type>
                    <work:journal-title>Figshare</work:journal-title>
                    <common:publication-date>
                        <common:year>2016</common:year>
                    </common:publication-date>
                </work:work-summary>
            </activities:group>
            <activities:group>
                <common:last-modified-date>2017-02-24T15:32:48.782Z</common:last-modified-date>
                <common:external-ids>
                    <common:external-id>
                        <common:external-id-type>doi</common:external-id-type>
                        <common:external-id-value>10.6084/M9.FIGSHARE.3479141.V1</common:external-id-value>
                        <common:external-id-normalized transient="true">10.6084/m9.figshare.3479141.v1</common:external-id-normalized>
                        <common:external-id-relationship>self</common:external-id-relationship>
                    </common:external-id>
                </common:external-ids>
                <work:work-summary put-code="30033650" path="/0000-0003-0902-4386/work/30033650" visibility="public" display-index="0">
                    <common:created-date>2017-02-02T19:47:40.927Z</common:created-date>
                    <common:last-modified-date>2017-02-24T15:32:48.782Z</common:last-modified-date>
                    <common:source>
                        <common:source-client-id>
                            <common:uri>https://orcid.org/client/0000-0001-8099-6984</common:uri>
                            <common:path>0000-0001-8099-6984</common:path>
                            <common:host>orcid.org</common:host>
                        </common:source-client-id>
                        <common:source-name>DataCite</common:source-name>
                    </common:source>
                    <work:title>
                        <common:title>Organisation Identifiers - Minimum viable product requirements</common:title>
                    </work:title>
                    <common:external-ids>
                        <common:external-id>
                            <common:external-id-type>doi</common:external-id-type>
                            <common:external-id-value>10.6084/M9.FIGSHARE.3479141.V1</common:external-id-value>
                            <common:external-id-normalized transient="true">10.6084/m9.figshare.3479141.v1</common:external-id-normalized>
                            <common:external-id-relationship>self</common:external-id-relationship>
                        </common:external-id>
                    </common:external-ids>
                    <work:type>data-set</work:type>
                    <work:journal-title>Figshare</work:journal-title>
                    <common:publication-date>
                        <common:year>2016</common:year>
                    </common:publication-date>
                </work:work-summary>
            </activities:group>
            <activities:group>
                <common:last-modified-date>2017-01-30T17:06:08.268Z</common:last-modified-date>
                <common:external-ids>
                    <common:external-id>
                        <common:external-id-type>doi</common:external-id-type>
                        <common:external-id-value>10.5438/4716</common:external-id-value>
                        <common:external-id-normalized transient="true">10.5438/4716</common:external-id-normalized>
                        <common:external-id-relationship>self</common:external-id-relationship>
                    </common:external-id>
                </common:external-ids>
                <work:work-summary put-code="28953231" path="/0000-0003-0902-4386/work/28953231" visibility="public" display-index="0">
                    <common:created-date>2016-12-20T11:07:48.353Z</common:created-date>
                    <common:last-modified-date>2017-01-30T17:06:08.268Z</common:last-modified-date>
                    <common:source>
                        <common:source-client-id>
                            <common:uri>https://orcid.org/client/0000-0001-8099-6984</common:uri>
                            <common:path>0000-0001-8099-6984</common:path>
                            <common:host>orcid.org</common:host>
                        </common:source-client-id>
                        <common:source-name>DataCite</common:source-name>
                    </common:source>
                    <work:title>
                        <common:title>Organisation identifiers: current provider survey</common:title>
                    </work:title>
                    <common:external-ids>
                        <common:external-id>
                            <common:external-id-type>doi</common:external-id-type>
                            <common:external-id-value>10.5438/4716</common:external-id-value>
                            <common:external-id-normalized transient="true">10.5438/4716</common:external-id-normalized>
                            <common:external-id-relationship>self</common:external-id-relationship>
                        </common:external-id>
                    </common:external-ids>
                    <work:type>other</work:type>
                    <work:journal-title>ORCID</work:journal-title>
                    <common:publication-date>
                        <common:year>2016</common:year>
                    </common:publication-date>
                </work:work-summary>
            </activities:group>
            <activities:group>
                <common:last-modified-date>2017-02-24T15:32:33.223Z</common:last-modified-date>
                <common:external-ids>
                    <common:external-id>
                        <common:external-id-type>doi</common:external-id-type>
                        <common:external-id-value>10.6084/M9.FIGSHARE.4216323.V2</common:external-id-value>
                        <common:external-id-normalized transient="true">10.6084/m9.figshare.4216323.v2</common:external-id-normalized>
                        <common:external-id-relationship>self</common:external-id-relationship>
                    </common:external-id>
                </common:external-ids>
                <work:work-summary put-code="30033721" path="/0000-0003-0902-4386/work/30033721" visibility="public" display-index="0">
                    <common:created-date>2017-02-02T19:49:40.265Z</common:created-date>
                    <common:last-modified-date>2017-02-24T15:32:33.223Z</common:last-modified-date>
                    <common:source>
                        <common:source-client-id>
                            <common:uri>https://orcid.org/client/0000-0001-8099-6984</common:uri>
                            <common:path>0000-0001-8099-6984</common:path>
                            <common:host>orcid.org</common:host>
                        </common:source-client-id>
                        <common:source-name>DataCite</common:source-name>
                    </common:source>
                    <work:title>
                        <common:title>Project Identifiers</common:title>
                    </work:title>
                    <common:external-ids>
                        <common:external-id>
                            <common:external-id-type>doi</common:external-id-type>
                            <common:external-id-value>10.6084/M9.FIGSHARE.4216323.V2</common:external-id-value>
                            <common:external-id-normalized transient="true">10.6084/m9.figshare.4216323.v2</common:external-id-normalized>
                            <common:external-id-relationship>self</common:external-id-relationship>
                        </common:external-id>
                    </common:external-ids>
                    <work:type>other</work:type>
                    <work:journal-title>Figshare</work:journal-title>
                    <common:publication-date>
                        <common:year>2016</common:year>
                    </common:publication-date>
                </work:work-summary>
            </activities:group>
            <activities:group>
                <common:last-modified-date>2016-12-20T11:14:09.080Z</common:last-modified-date>
                <common:external-ids>
                    <common:external-id>
                        <common:external-id-type>doi</common:external-id-type>
                        <common:external-id-value>10.5281/ZENODO.48228</common:external-id-value>
                        <common:external-id-normalized transient="true">10.5281/zenodo.48228</common:external-id-normalized>
                        <common:external-id-relationship>self</common:external-id-relationship>
                    </common:external-id>
                </common:external-ids>
                <work:work-summary put-code="23239358" path="/0000-0003-0902-4386/work/23239358" visibility="public" display-index="0">
                    <common:created-date>2016-03-31T09:23:46.870Z</common:created-date>
                    <common:last-modified-date>2016-12-20T11:14:09.080Z</common:last-modified-date>
                    <common:source>
                        <common:source-client-id>
                            <common:uri>https://orcid.org/client/0000-0001-8099-6984</common:uri>
                            <common:path>0000-0001-8099-6984</common:path>
                            <common:host>orcid.org</common:host>
                        </common:source-client-id>
                        <common:source-name>DataCite</common:source-name>
                    </common:source>
                    <work:title>
                        <common:title>THOR Communications Plan</common:title>
                    </work:title>
                    <common:external-ids>
                        <common:external-id>
                            <common:external-id-type>doi</common:external-id-type>
                            <common:external-id-value>10.5281/ZENODO.48228</common:external-id-value>
                            <common:external-id-normalized transient="true">10.5281/zenodo.48228</common:external-id-normalized>
                            <common:external-id-relationship>self</common:external-id-relationship>
                        </common:external-id>
                    </common:external-ids>
                    <work:type>other</work:type>
                    <work:journal-title>Zenodo</work:journal-title>
                    <common:publication-date>
                        <common:year>2016</common:year>
                    </common:publication-date>
                </work:work-summary>
            </activities:group>
            <activities:group>
                <common:last-modified-date>2016-12-20T11:14:09.080Z</common:last-modified-date>
                <common:external-ids>
                    <common:external-id>
                        <common:external-id-type>doi</common:external-id-type>
                        <common:external-id-value>10.5281/ZENODO.48705</common:external-id-value>
                        <common:external-id-normalized transient="true">10.5281/zenodo.48705</common:external-id-normalized>
                        <common:external-id-relationship>self</common:external-id-relationship>
                    </common:external-id>
                </common:external-ids>
                <work:work-summary put-code="24798864" path="/0000-0003-0902-4386/work/24798864" visibility="public" display-index="0">
                    <common:created-date>2016-06-17T12:54:30.578Z</common:created-date>
                    <common:last-modified-date>2016-12-20T11:14:09.080Z</common:last-modified-date>
                    <common:source>
                        <common:source-client-id>
                            <common:uri>https://orcid.org/client/0000-0001-8099-6984</common:uri>
                            <common:path>0000-0001-8099-6984</common:path>
                            <common:host>orcid.org</common:host>
                        </common:source-client-id>
                        <common:source-name>DataCite</common:source-name>
                    </common:source>
                    <work:title>
                        <common:title>THOR: Conceptual Model of Persistent Identifier Linking</common:title>
                    </work:title>
                    <common:external-ids>
                        <common:external-id>
                            <common:external-id-type>doi</common:external-id-type>
                            <common:external-id-value>10.5281/ZENODO.48705</common:external-id-value>
                            <common:external-id-normalized transient="true">10.5281/zenodo.48705</common:external-id-normalized>
                            <common:external-id-relationship>self</common:external-id-relationship>
                        </common:external-id>
                    </common:external-ids>
                    <work:type>other</work:type>
                    <work:journal-title>Zenodo</work:journal-title>
                    <common:publication-date>
                        <common:year>2016</common:year>
                    </common:publication-date>
                </work:work-summary>
            </activities:group>
            <activities:group>
                <common:last-modified-date>2016-12-20T11:14:09.080Z</common:last-modified-date>
                <common:external-ids>
                    <common:external-id>
                        <common:external-id-type>doi</common:external-id-type>
                        <common:external-id-value>10.5281/ZENODO.46761</common:external-id-value>
                        <common:external-id-normalized transient="true">10.5281/zenodo.46761</common:external-id-normalized>
                        <common:external-id-relationship>self</common:external-id-relationship>
                    </common:external-id>
                </common:external-ids>
                <work:work-summary put-code="25382907" path="/0000-0003-0902-4386/work/25382907" visibility="public" display-index="0">
                    <common:created-date>2016-07-13T16:29:29.403Z</common:created-date>
                    <common:last-modified-date>2016-12-20T11:14:09.080Z</common:last-modified-date>
                    <common:source>
                        <common:source-client-id>
                            <common:uri>https://orcid.org/client/0000-0001-8099-6984</common:uri>
                            <common:path>0000-0001-8099-6984</common:path>
                            <common:host>orcid.org</common:host>
                        </common:source-client-id>
                        <common:source-name>DataCite</common:source-name>
                    </common:source>
                    <work:title>
                        <common:title>THOR: Metrics and Tools</common:title>
                    </work:title>
                    <common:external-ids>
                        <common:external-id>
                            <common:external-id-type>doi</common:external-id-type>
                            <common:external-id-value>10.5281/ZENODO.46761</common:external-id-value>
                            <common:external-id-normalized transient="true">10.5281/zenodo.46761</common:external-id-normalized>
                            <common:external-id-relationship>self</common:external-id-relationship>
                        </common:external-id>
                    </common:external-ids>
                    <work:type>other</work:type>
                    <work:journal-title>Zenodo</work:journal-title>
                    <common:publication-date>
                        <common:year>2016</common:year>
                    </common:publication-date>
                </work:work-summary>
            </activities:group>
            <activities:group>
                <common:last-modified-date>2017-02-24T15:32:36.224Z</common:last-modified-date>
                <common:external-ids>
                    <common:external-id>
                        <common:external-id-type>doi</common:external-id-type>
                        <common:external-id-value>10.5438/7885</common:external-id-value>
                        <common:external-id-normalized transient="true">10.5438/7885</common:external-id-normalized>
                        <common:external-id-relationship>self</common:external-id-relationship>
                    </common:external-id>
                </common:external-ids>
                <work:work-summary put-code="30033723" path="/0000-0003-0902-4386/work/30033723" visibility="public" display-index="0">
                    <common:created-date>2017-02-02T19:49:43.697Z</common:created-date>
                    <common:last-modified-date>2017-02-24T15:32:36.224Z</common:last-modified-date>
                    <common:source>
                        <common:source-client-id>
                            <common:uri>https://orcid.org/client/0000-0001-8099-6984</common:uri>
                            <common:path>0000-0001-8099-6984</common:path>
                            <common:host>orcid.org</common:host>
                        </common:source-client-id>
                        <common:source-name>DataCite</common:source-name>
                    </common:source>
                    <work:title>
                        <common:title>Technical Considerations for an Organization Identifier Registry</common:title>
                    </work:title>
                    <common:external-ids>
                        <common:external-id>
                            <common:external-id-type>doi</common:external-id-type>
                            <common:external-id-value>10.5438/7885</common:external-id-value>
                            <common:external-id-normalized transient="true">10.5438/7885</common:external-id-normalized>
                            <common:external-id-relationship>self</common:external-id-relationship>
                        </common:external-id>
                    </common:external-ids>
                    <work:type>other</work:type>
                    <work:journal-title>ORCID</work:journal-title>
                    <common:publication-date>
                        <common:year>2016</common:year>
                    </common:publication-date>
                </work:work-summary>
            </activities:group>
            <activities:group>
                <common:last-modified-date>2016-12-20T11:14:09.080Z</common:last-modified-date>
                <common:external-ids>
                    <common:external-id>
                        <common:external-id-type>doi</common:external-id-type>
                        <common:external-id-value>10.6084/m9.figshare.1598096</common:external-id-value>
                        <common:external-id-normalized transient="true">10.6084/m9.figshare.1598096</common:external-id-normalized>
                        <common:external-id-relationship>self</common:external-id-relationship>
                    </common:external-id>
                </common:external-ids>
                <work:work-summary put-code="20140994" path="/0000-0003-0902-4386/work/20140994" visibility="public" display-index="0">
                    <common:created-date>2015-11-10T15:35:41.596Z</common:created-date>
                    <common:last-modified-date>2016-12-20T11:14:09.080Z</common:last-modified-date>
                    <common:source>
                        <common:source-client-id>
                            <common:uri>https://orcid.org/client/0000-0001-9892-9368</common:uri>
                            <common:path>0000-0001-9892-9368</common:path>
                            <common:host>orcid.org</common:host>
                        </common:source-client-id>
                        <common:source-name>figshare</common:source-name>
                    </common:source>
                    <work:title>
                        <common:title>ORCID and CERIF</common:title>
                    </work:title>
                    <common:external-ids>
                        <common:external-id>
                            <common:external-id-type>doi</common:external-id-type>
                            <common:external-id-value>10.6084/m9.figshare.1598096</common:external-id-value>
                            <common:external-id-normalized transient="true">10.6084/m9.figshare.1598096</common:external-id-normalized>
                            <common:external-id-relationship>self</common:external-id-relationship>
                        </common:external-id>
                    </common:external-ids>
                    <work:type>other</work:type>
                    <common:publication-date>
                        <common:year>2015</common:year>
                        <common:month>11</common:month>
                    </common:publication-date>
                </work:work-summary>
            </activities:group>
            <activities:group>
                <common:last-modified-date>2016-12-20T11:14:09.080Z</common:last-modified-date>
                <common:external-ids>
                    <common:external-id>
                        <common:external-id-type>doi</common:external-id-type>
                        <common:external-id-value>10.5281/ZENODO.30799</common:external-id-value>
                        <common:external-id-normalized transient="true">10.5281/zenodo.30799</common:external-id-normalized>
                        <common:external-id-relationship>self</common:external-id-relationship>
                    </common:external-id>
                </common:external-ids>
                <work:work-summary put-code="23239361" path="/0000-0003-0902-4386/work/23239361" visibility="public" display-index="0">
                    <common:created-date>2016-03-31T09:24:01.937Z</common:created-date>
                    <common:last-modified-date>2016-12-20T11:14:09.080Z</common:last-modified-date>
                    <common:source>
                        <common:source-client-id>
                            <common:uri>https://orcid.org/client/0000-0001-8099-6984</common:uri>
                            <common:path>0000-0001-8099-6984</common:path>
                            <common:host>orcid.org</common:host>
                        </common:source-client-id>
                        <common:source-name>DataCite</common:source-name>
                    </common:source>
                    <work:title>
                        <common:title>D2.1: Artefact, Contributor, and Organisation Relationship Data Schema</common:title>
                    </work:title>
                    <common:external-ids>
                        <common:external-id>
                            <common:external-id-type>doi</common:external-id-type>
                            <common:external-id-value>10.5281/ZENODO.30799</common:external-id-value>
                            <common:external-id-normalized transient="true">10.5281/zenodo.30799</common:external-id-normalized>
                            <common:external-id-relationship>self</common:external-id-relationship>
                        </common:external-id>
                    </common:external-ids>
                    <work:type>other</work:type>
                    <work:journal-title>Zenodo</work:journal-title>
                    <common:publication-date>
                        <common:year>2015</common:year>
                    </common:publication-date>
                </work:work-summary>
            </activities:group>
            <activities:group>
                <common:last-modified-date>2016-12-20T11:14:09.080Z</common:last-modified-date>
                <common:external-ids>
                    <common:external-id>
                        <common:external-id-type>doi</common:external-id-type>
                        <common:external-id-value>10.6084/M9.FIGSHARE.1373669</common:external-id-value>
                        <common:external-id-normalized transient="true">10.6084/m9.figshare.1373669</common:external-id-normalized>
                        <common:external-id-relationship>self</common:external-id-relationship>
                    </common:external-id>
                </common:external-ids>
                <work:work-summary put-code="17080227" path="/0000-0003-0902-4386/work/17080227" visibility="public" display-index="3">
                    <common:created-date>2015-06-25T15:53:00.221Z</common:created-date>
                    <common:last-modified-date>2016-12-20T11:14:09.080Z</common:last-modified-date>
                    <common:source>
                        <common:source-client-id>
                            <common:uri>https://orcid.org/client/0000-0001-8099-6984</common:uri>
                            <common:path>0000-0001-8099-6984</common:path>
                            <common:host>orcid.org</common:host>
                        </common:source-client-id>
                        <common:source-name>DataCite</common:source-name>
                    </common:source>
                    <work:title>
                        <common:title>D4.2: Workflow for interoperability</common:title>
                    </work:title>
                    <common:external-ids>
                        <common:external-id>
                            <common:external-id-type>doi</common:external-id-type>
                            <common:external-id-value>10.6084/M9.FIGSHARE.1373669</common:external-id-value>
                            <common:external-id-normalized transient="true">10.6084/m9.figshare.1373669</common:external-id-normalized>
                            <common:external-id-relationship>self</common:external-id-relationship>
                        </common:external-id>
                    </common:external-ids>
                    <work:type>data-set</work:type>
                    <common:publication-date>
                        <common:year>2015</common:year>
                    </common:publication-date>
                </work:work-summary>
                <work:work-summary put-code="17080287" path="/0000-0003-0902-4386/work/17080287" visibility="public" display-index="1">
                    <common:created-date>2015-06-25T11:54:29.117Z</common:created-date>
                    <common:last-modified-date>2016-12-20T11:14:09.080Z</common:last-modified-date>
                    <common:source>
                        <common:source-orcid>
                            <common:uri>https://orcid.org/0000-0003-0902-4386</common:uri>
                            <common:path>0000-0003-0902-4386</common:path>
                            <common:host>orcid.org</common:host>
                        </common:source-orcid>
                        <common:source-name>Tom 'Amazing' Demeranville</common:source-name>
                    </common:source>
                    <work:title>
                        <common:title>D4.2: Workflow for interoperability</common:title>
                    </work:title>
                    <common:external-ids>
                        <common:external-id>
                            <common:external-id-type>doi</common:external-id-type>
                            <common:external-id-value>10.6084/M9.FIGSHARE.1373669</common:external-id-value>
                            <common:external-id-normalized transient="true">10.6084/m9.figshare.1373669</common:external-id-normalized>
                            <common:external-id-relationship>self</common:external-id-relationship>
                        </common:external-id>
                    </common:external-ids>
                    <work:type>report</work:type>
                    <common:publication-date>
                        <common:year>2015</common:year>
                    </common:publication-date>
                </work:work-summary>
            </activities:group>
            <activities:group>
                <common:last-modified-date>2016-12-20T11:14:09.080Z</common:last-modified-date>
                <common:external-ids>
                    <common:external-id>
                        <common:external-id-type>doi</common:external-id-type>
                        <common:external-id-value>10.6084/M9.FIGSHARE.1582705.V1</common:external-id-value>
                        <common:external-id-normalized transient="true">10.6084/m9.figshare.1582705.v1</common:external-id-normalized>
                        <common:external-id-relationship>self</common:external-id-relationship>
                    </common:external-id>
                </common:external-ids>
                <work:work-summary put-code="23239357" path="/0000-0003-0902-4386/work/23239357" visibility="public" display-index="0">
                    <common:created-date>2016-03-31T09:23:46.538Z</common:created-date>
                    <common:last-modified-date>2016-12-20T11:14:09.080Z</common:last-modified-date>
                    <common:source>
                        <common:source-client-id>
                            <common:uri>https://orcid.org/client/0000-0001-8099-6984</common:uri>
                            <common:path>0000-0001-8099-6984</common:path>
                            <common:host>orcid.org</common:host>
                        </common:source-client-id>
                        <common:source-name>DataCite</common:source-name>
                    </common:source>
                    <work:title>
                        <common:title>ORCID Public Data File 2015</common:title>
                    </work:title>
                    <common:external-ids>
                        <common:external-id>
                            <common:external-id-type>doi</common:external-id-type>
                            <common:external-id-value>10.6084/M9.FIGSHARE.1582705.V1</common:external-id-value>
                            <common:external-id-normalized transient="true">10.6084/m9.figshare.1582705.v1</common:external-id-normalized>
                            <common:external-id-relationship>self</common:external-id-relationship>
                        </common:external-id>
                    </common:external-ids>
                    <work:type>data-set</work:type>
                    <work:journal-title>Figshare</work:journal-title>
                    <common:publication-date>
                        <common:year>2015</common:year>
                    </common:publication-date>
                </work:work-summary>
            </activities:group>
            <activities:group>
                <common:last-modified-date>2017-03-23T14:54:29.439Z</common:last-modified-date>
                <common:external-ids>
                    <common:external-id>
                        <common:external-id-type>doi</common:external-id-type>
                        <common:external-id-value>10.5438/6423</common:external-id-value>
                        <common:external-id-normalized transient="true">10.5438/6423</common:external-id-normalized>
                        <common:external-id-relationship>self</common:external-id-relationship>
                    </common:external-id>
                </common:external-ids>
                <work:work-summary put-code="30033172" path="/0000-0003-0902-4386/work/30033172" visibility="public" display-index="0">
                    <common:created-date>2017-02-02T19:23:37.934Z</common:created-date>
                    <common:last-modified-date>2017-03-23T14:54:29.439Z</common:last-modified-date>
                    <common:source>
                        <common:source-client-id>
                            <common:uri>https://orcid.org/client/0000-0001-8099-6984</common:uri>
                            <common:path>0000-0001-8099-6984</common:path>
                            <common:host>orcid.org</common:host>
                        </common:source-client-id>
                        <common:source-name>DataCite</common:source-name>
                    </common:source>
                    <work:title>
                        <common:title>Technical and Human Infrastructure for Open Research (THOR)</common:title>
                    </work:title>
                    <common:external-ids>
                        <common:external-id>
                            <common:external-id-type>doi</common:external-id-type>
                            <common:external-id-value>10.5438/6423</common:external-id-value>
                            <common:external-id-normalized transient="true">10.5438/6423</common:external-id-normalized>
                            <common:external-id-relationship>self</common:external-id-relationship>
                        </common:external-id>
                    </common:external-ids>
                    <work:type>other</work:type>
                    <work:journal-title>DataCite</work:journal-title>
                    <common:publication-date>
                        <common:year>2015</common:year>
                    </common:publication-date>
                </work:work-summary>
            </activities:group>
            <activities:group>
                <common:last-modified-date>2016-12-20T11:14:09.080Z</common:last-modified-date>
                <common:external-ids>
                    <common:external-id>
                        <common:external-id-type>doi</common:external-id-type>
                        <common:external-id-value>10.6084/M9.FIGSHARE.824317</common:external-id-value>
                        <common:external-id-normalized transient="true">10.6084/m9.figshare.824317</common:external-id-normalized>
                        <common:external-id-relationship>self</common:external-id-relationship>
                    </common:external-id>
                </common:external-ids>
                <work:work-summary put-code="18003936" path="/0000-0003-0902-4386/work/18003936" visibility="public" display-index="0">
                    <common:created-date>2015-08-19T15:03:59.727Z</common:created-date>
                    <common:last-modified-date>2016-12-20T11:14:09.080Z</common:last-modified-date>
                    <common:source>
                        <common:source-client-id>
                            <common:uri>https://orcid.org/client/0000-0001-8099-6984</common:uri>
                            <common:path>0000-0001-8099-6984</common:path>
                            <common:host>orcid.org</common:host>
                        </common:source-client-id>
                        <common:source-name>DataCite</common:source-name>
                    </common:source>
                    <work:title>
                        <common:title>D3.1 Humanities and Social Science Proof of Concept</common:title>
                    </work:title>
                    <common:external-ids>
                        <common:external-id>
                            <common:external-id-type>doi</common:external-id-type>
                            <common:external-id-value>10.6084/M9.FIGSHARE.824317</common:external-id-value>
                            <common:external-id-normalized transient="true">10.6084/m9.figshare.824317</common:external-id-normalized>
                            <common:external-id-relationship>self</common:external-id-relationship>
                        </common:external-id>
                    </common:external-ids>
                    <work:type>data-set</work:type>
                    <common:publication-date>
                        <common:year>2013</common:year>
                    </common:publication-date>
                </work:work-summary>
            </activities:group>
            <activities:group>
                <common:last-modified-date>2016-12-20T11:14:09.080Z</common:last-modified-date>
                <common:external-ids>
                    <common:external-id>
                        <common:external-id-type>doi</common:external-id-type>
                        <common:external-id-value>10.5281/ZENODO.30030</common:external-id-value>
                        <common:external-id-normalized transient="true">10.5281/zenodo.30030</common:external-id-normalized>
                        <common:external-id-relationship>self</common:external-id-relationship>
                    </common:external-id>
                </common:external-ids>
                <work:work-summary put-code="18875588" path="/0000-0003-0902-4386/work/18875588" visibility="public" display-index="0">
                    <common:created-date>2015-10-01T14:15:06.024Z</common:created-date>
                    <common:last-modified-date>2016-12-20T11:14:09.080Z</common:last-modified-date>
                    <common:source>
                        <common:source-client-id>
                            <common:uri>https://orcid.org/client/0000-0001-8099-6984</common:uri>
                            <common:path>0000-0001-8099-6984</common:path>
                            <common:host>orcid.org</common:host>
                        </common:source-client-id>
                        <common:source-name>DataCite</common:source-name>
                    </common:source>
                    <work:title>
                        <common:title>ORCID and DATACITE Interoperability Network (ODIN)</common:title>
                    </work:title>
                    <common:external-ids>
                        <common:external-id>
                            <common:external-id-type>doi</common:external-id-type>
                            <common:external-id-value>10.5281/ZENODO.30030</common:external-id-value>
                            <common:external-id-normalized transient="true">10.5281/zenodo.30030</common:external-id-normalized>
                            <common:external-id-relationship>self</common:external-id-relationship>
                        </common:external-id>
                    </common:external-ids>
                    <work:type>other</work:type>
                    <common:publication-date>
                        <common:year>2012</common:year>
                    </common:publication-date>
                </work:work-summary>
            </activities:group>
            <activities:group>
                <common:last-modified-date>2017-11-06T13:15:27.036Z</common:last-modified-date>
                <common:external-ids>
                    <common:external-id>
                        <common:external-id-type>agr</common:external-id-type>
                        <common:external-id-value>dsfdad</common:external-id-value>
                        <common:external-id-normalized transient="true">dsfdad</common:external-id-normalized>
                        <common:external-id-relationship>self</common:external-id-relationship>
                    </common:external-id>
                    <common:external-id>
                        <common:external-id-type>pdb</common:external-id-type>
                        <common:external-id-value>pdb-value-self</common:external-id-value>
                        <common:external-id-normalized transient="true">pdb-value-self</common:external-id-normalized>
                        <common:external-id-url>http://identifiers.org/pdb/pdb-value-self</common:external-id-url>
                        <common:external-id-relationship>self</common:external-id-relationship>
                    </common:external-id>
                    <common:external-id>
                        <common:external-id-type>cit</common:external-id-type>
                        <common:external-id-value>cite-self</common:external-id-value>
                        <common:external-id-normalized transient="true">cite-self</common:external-id-normalized>
                        <common:external-id-relationship>self</common:external-id-relationship>
                    </common:external-id>
                </common:external-ids>
                <work:work-summary put-code="27365906" path="/0000-0003-0902-4386/work/27365906" visibility="public" display-index="1">
                    <common:created-date>2016-10-13T13:15:27.027Z</common:created-date>
                    <common:last-modified-date>2017-11-06T13:15:27.036Z</common:last-modified-date>
                    <common:source>
                        <common:source-orcid>
                            <common:uri>https://orcid.org/0000-0003-0902-4386</common:uri>
                            <common:path>0000-0003-0902-4386</common:path>
                            <common:host>orcid.org</common:host>
                        </common:source-orcid>
                        <common:source-name>Tom 'Amazing' Demeranville</common:source-name>
                    </common:source>
                    <work:title>
                        <common:title>PDB, "TEST"</common:title>
                    </work:title>
                    <common:external-ids>
                        <common:external-id>
                            <common:external-id-type>pdb</common:external-id-type>
                            <common:external-id-value>pdb-value-self</common:external-id-value>
                            <common:external-id-normalized transient="true">pdb-value-self</common:external-id-normalized>
                            <common:external-id-url>http://identifiers.org/pdb/pdb-value-self</common:external-id-url>
                            <common:external-id-relationship>self</common:external-id-relationship>
                        </common:external-id>
                        <common:external-id>
                            <common:external-id-type>cit</common:external-id-type>
                            <common:external-id-value>cite-self</common:external-id-value>
                            <common:external-id-normalized transient="true">cite-self</common:external-id-normalized>
                            <common:external-id-relationship>self</common:external-id-relationship>
                        </common:external-id>
                        <common:external-id>
                            <common:external-id-type>agr</common:external-id-type>
                            <common:external-id-value>dsfdad</common:external-id-value>
                            <common:external-id-normalized transient="true">dsfdad</common:external-id-normalized>
                            <common:external-id-relationship>self</common:external-id-relationship>
                        </common:external-id>
                    </common:external-ids>
                    <work:type>journal-article</work:type>
                </work:work-summary>
            </activities:group>
        </activities:works>
    </activities:activities-summary>
</record:record>
